#
# A fatal error has been detected by the Java Runtime Environment:
#
#  Internal Error (javaClasses.cpp:129), pid=1684, tid=4372
#  fatal error: Invalid layout of preloaded class
#
# JRE version: 7.0_10-b18
# Java VM: Java HotSpot(TM) 64-Bit Server VM (23.6-b04 mixed mode windows-amd64 compressed oops)
# Failed to write core dump. Minidumps are not enabled by default on client versions of Windows
#
# If you would like to submit a bug report, please visit:
#   http://bugreport.sun.com/bugreport/crash.jsp
#

---------------  T H R E A D  ---------------

Current thread (0x0000000002a7d800):  JavaThread "Unknown thread" [_thread_in_vm, id=4372, stack(0x00000000028e0000,0x00000000029e0000)]

Stack: [0x00000000028e0000,0x00000000029e0000]

---------------  P R O C E S S  ---------------

Java Threads: ( => current thread )

Other Threads:

=>0x0000000002a7d800 (exited) JavaThread "Unknown thread" [_thread_in_vm, id=4372, stack(0x00000000028e0000,0x00000000029e0000)]

VM state:not at safepoint (not fully initialized)

VM Mutex/Monitor currently owned by a thread: None

GC Heap History (0 events):
No events

Deoptimization events (0 events):
No events

Internal exceptions (0 events):
No events

Events (10 events):
Event: 0.277 loading class 0x0000000002da38c0 done
Event: 0.278 loading class 0x0000000002da3860 done
Event: 0.278 loading class 0x0000000002da3290
Event: 0.278 loading class 0x0000000002ddf1b0
Event: 0.278 loading class 0x0000000002ddf1b0 done
Event: 0.278 loading class 0x0000000002ddf970
Event: 0.278 loading class 0x0000000002ddf970 done
Event: 0.278 loading class 0x000000000902ecb0
Event: 0.278 loading class 0x000000000902ecb0 done
Event: 0.279 loading class 0x0000000002da3290 done


Dynamic libraries:
0x000007f73bd40000 - 0x000007f73bd73000 	C:\Program Files\Java\jre7\bin\javaw.exe
0x000007f83d9c0000 - 0x000007f83db7e000 	C:\Windows\SYSTEM32\ntdll.dll
0x000007f83d6a0000 - 0x000007f83d7d6000 	C:\Windows\system32\KERNEL32.DLL
0x000007f83ad00000 - 0x000007f83adf3000 	C:\Windows\system32\KERNELBASE.dll
0x000007f83d8a0000 - 0x000007f83d97e000 	C:\Windows\system32\ADVAPI32.dll
0x000007f83aeb0000 - 0x000007f83affc000 	C:\Windows\system32\USER32.dll
0x000007f8382b0000 - 0x000007f838519000 	C:\Windows\WinSxS\amd64_microsoft.windows.common-controls_6595b64144ccf1df_6.0.9200.16384_none_418c2a697189c07f\COMCTL32.dll
0x000007f83d7e0000 - 0x000007f83d885000 	C:\Windows\system32\msvcrt.dll
0x000007f83cec0000 - 0x000007f83cf08000 	C:\Windows\SYSTEM32\sechost.dll
0x000007f83c7a0000 - 0x000007f83c8e0000 	C:\Windows\system32\RPCRT4.dll
0x000007f83c8e0000 - 0x000007f83ca20000 	C:\Windows\system32\GDI32.dll
0x000007f83b100000 - 0x000007f83b139000 	C:\Windows\system32\IMM32.DLL
0x000007f83d580000 - 0x000007f83d694000 	C:\Windows\system32\MSCTF.dll
0x000007f83a8a0000 - 0x000007f83a8e0000 	C:\Windows\system32\nvinitx.dll
0x0000000053050000 - 0x0000000053121000 	C:\Program Files\Java\jre7\bin\msvcr100.dll
0x0000000052930000 - 0x000000005304f000 	C:\Program Files\Java\jre7\bin\server\jvm.dll
0x000007f831ec0000 - 0x000007f831ec9000 	C:\Windows\SYSTEM32\WSOCK32.dll
0x000007f838120000 - 0x000007f838140000 	C:\Windows\SYSTEM32\WINMM.dll
0x000007f83d9b0000 - 0x000007f83d9b7000 	C:\Windows\system32\PSAPI.DLL
0x000007f83d3c0000 - 0x000007f83d418000 	C:\Windows\system32\WS2_32.dll
0x000007f838050000 - 0x000007f838082000 	C:\Windows\SYSTEM32\WINMMBASE.dll
0x000007f83d9a0000 - 0x000007f83d9a9000 	C:\Windows\system32\NSI.dll
0x0000000052920000 - 0x000000005292f000 	C:\Program Files\Java\jre7\bin\verify.dll
0x00000000528f0000 - 0x0000000052918000 	C:\Program Files\Java\jre7\bin\java.dll
0x00000000528d0000 - 0x00000000528e5000 	C:\Program Files\Java\jre7\bin\zip.dll

VM Arguments:
jvm_args: -Dfile.encoding=GBK -Xbootclasspath:E:\android\adt-bundle-windows-x86_64-20131030\adt-bundle-windows-x86_64-20131030\sdk\platforms\android-19\android.jar 
java_command: com.bld.safecardreminder.bean.CreditCard
Launcher Type: SUN_STANDARD

Environment Variables:
PATH=C:\Program Files (x86)\NVIDIA Corporation\PhysX\Common;C:\Windows\system32;C:\Windows;C:\Windows\System32\Wbem;C:\Windows\System32\WindowsPowerShell\v1.0\;C:\Program Files (x86)\Intel\OpenCL SDK\2.0\bin\x86;C:\Program Files (x86)\Intel\OpenCL SDK\2.0\bin\x64
USERNAME=ballad
OS=Windows_NT
PROCESSOR_IDENTIFIER=Intel64 Family 6 Model 58 Stepping 9, GenuineIntel



---------------  S Y S T E M  ---------------

OS: Windows 8 , 64 bit Build 9200 

CPU:total 4 (2 cores per cpu, 2 threads per core) family 6 model 58 stepping 9, cmov, cx8, fxsr, mmx, sse, sse2, sse3, ssse3, sse4.1, sse4.2, popcnt, avx, ht, tsc, tscinvbit, tscinv

Memory: 4k page, physical 4077412k(1463096k free), swap 8271716k(4970680k free)

vm_info: Java HotSpot(TM) 64-Bit Server VM (23.6-b04) for windows-amd64 JRE (1.7.0_10-b18), built on Nov 28 2012 05:00:40 by "java_re" with unknown MS VC++:1600

time: Sun Mar 16 21:28:48 2014
elapsed time: 0 seconds

